[debug] [2025-02-22T19:02:32.669Z] ----------------------------------------------------------------------
[debug] [2025-02-22T19:02:32.671Z] Command:       C:\Program Files\nodejs\node.exe C:\Users\peima\AppData\Roaming\npm\node_modules\firebase-tools\lib\bin\firebase.js init hosting
[debug] [2025-02-22T19:02:32.671Z] CLI Version:   13.31.2
[debug] [2025-02-22T19:02:32.671Z] Platform:      win32
[debug] [2025-02-22T19:02:32.671Z] Node Version:  v22.14.0
[debug] [2025-02-22T19:02:32.671Z] Time:          Sat Feb 22 2025 14:02:32 GMT-0500 (Eastern Standard Time)
[debug] [2025-02-22T19:02:32.671Z] ----------------------------------------------------------------------
[debug] 
[debug] [2025-02-22T19:02:32.676Z] > command requires scopes: ["email","openid","https://www.googleapis.com/auth/cloudplatformprojects.readonly","https://www.googleapis.com/auth/firebase","https://www.googleapis.com/auth/cloud-platform"]
[debug] [2025-02-22T19:02:32.676Z] > authorizing via signed-in user (nocsillty@gmail.com)
[info] 
     ######## #### ########  ######## ########     ###     ######  ########
     ##        ##  ##     ## ##       ##     ##  ##   ##  ##       ##
     ######    ##  ########  ######   ########  #########  ######  ######
     ##        ##  ##    ##  ##       ##     ## ##     ##       ## ##
     ##       #### ##     ## ######## ########  ##     ##  ######  ########

You're about to initialize a Firebase project in this directory:

  C:\Users\peima\OneDrive - Stony Brook University\Documents\Github\Hackathon

[info] 
=== Project Setup
[info] 
[info] First, let's associate this project directory with a Firebase project.
[info] You can create multiple project aliases by running firebase use --add, 
[info] but for now we'll just set up a default project.
[info] 
[debug] [2025-02-22T19:02:37.448Z] Checked if tokens are valid: true, expires at: 1740252397767
[debug] [2025-02-22T19:02:37.448Z] Checked if tokens are valid: true, expires at: 1740252397767
[debug] [2025-02-22T19:02:37.450Z] >>> [apiv2][query] GET https://firebase.googleapis.com/v1beta1/projects pageSize=100
[debug] [2025-02-22T19:02:37.865Z] <<< [apiv2][status] GET https://firebase.googleapis.com/v1beta1/projects 200
[debug] [2025-02-22T19:02:37.865Z] <<< [apiv2][body] GET https://firebase.googleapis.com/v1beta1/projects [omitted]
[info] i  Using project saltyscalp-46911 (SaltyScalp) 
[info] 
=== Hosting Setup
[debug] [2025-02-22T19:02:39.071Z] Checked if tokens are valid: true, expires at: 1740252397767
[debug] [2025-02-22T19:02:39.071Z] Checked if tokens are valid: true, expires at: 1740252397767
[debug] [2025-02-22T19:02:39.072Z] >>> [apiv2][query] GET https://firebase.googleapis.com/v1beta1/projects/saltyscalp-46911 [none]
[debug] [2025-02-22T19:02:39.392Z] <<< [apiv2][status] GET https://firebase.googleapis.com/v1beta1/projects/saltyscalp-46911 200
[debug] [2025-02-22T19:02:39.392Z] <<< [apiv2][body] GET https://firebase.googleapis.com/v1beta1/projects/saltyscalp-46911 {"projectId":"saltyscalp-46911","projectNumber":"789576533233","displayName":"SaltyScalp","name":"projects/saltyscalp-46911","resources":{"hostingSite":"saltyscalp-46911"},"state":"ACTIVE","etag":"1_d724ca11-d8d4-4fbd-bece-660757d9844e"}
[info] 
[info] Your public directory is the folder (relative to your project directory) that
[info] will contain Hosting assets to be uploaded with firebase deploy. If you
[info] have a build process for your assets, use your build's output directory.
[info] 
[info] +  Wrote public/404.html 
[debug] [2025-02-22T19:07:00.961Z] >>> [apiv2][query] GET https://www.gstatic.com/firebasejs/releases.json [none]
[debug] [2025-02-22T19:07:01.047Z] <<< [apiv2][status] GET https://www.gstatic.com/firebasejs/releases.json 200
[debug] [2025-02-22T19:07:01.048Z] <<< [apiv2][body] GET https://www.gstatic.com/firebasejs/releases.json {"current":{"version":"11.3.1","browserURL":"https://www.gstatic.com/firebasejs/11.3.1/firebase.js","packageURL":"https://www.gstatic.com/firebasejs/11.3.1/firebase.tgz"},"live":{"version":"11.3","browserURL":"https://www.gstatic.com/firebasejs/live/11.3/firebase.js","packageURL":"https://www.gstatic.com/firebasejs/live/11.3/firebase.tgz"},"components":{"analytics":"https://www.gstatic.com/firebasejs/11.3.1/firebase-analytics.js","app":"https://www.gstatic.com/firebasejs/11.3.1/firebase-app.js","app-check":"https://www.gstatic.com/firebasejs/11.3.1/firebase-app-check.js","auth":"https://www.gstatic.com/firebasejs/11.3.1/firebase-auth.js","auth/cordova":"https://www.gstatic.com/firebasejs/11.3.1/firebase-auth/cordova.js","auth/web-extension":"https://www.gstatic.com/firebasejs/11.3.1/firebase-auth/web-extension.js","functions":"https://www.gstatic.com/firebasejs/11.3.1/firebase-functions.js","firestore":"https://www.gstatic.com/firebasejs/11.3.1/firebase-firestore.js","firestore/lite":"https://www.gstatic.com/firebasejs/11.3.1/firebase-firestore/lite.js","installations":"https://www.gstatic.com/firebasejs/11.3.1/firebase-installations.js","storage":"https://www.gstatic.com/firebasejs/11.3.1/firebase-storage.js","performance":"https://www.gstatic.com/firebasejs/11.3.1/firebase-performance.js","remote-config":"https://www.gstatic.com/firebasejs/11.3.1/firebase-remote-config.js","messaging":"https://www.gstatic.com/firebasejs/11.3.1/firebase-messaging.js","messaging/sw":"https://www.gstatic.com/firebasejs/11.3.1/firebase-messaging/sw.js","database":"https://www.gstatic.com/firebasejs/11.3.1/firebase-database.js","vertexai":"https://www.gstatic.com/firebasejs/11.3.1/firebase-vertexai.js","data-connect":"https://www.gstatic.com/firebasejs/11.3.1/firebase-data-connect.js","firestore.memory":"https://www.gstatic.com/firebasejs/11.3.1/firebase-firestore.memory.js"}}
[info] +  Wrote public/index.html 
[info] 
[info] i  Detected a .git folder at C:\Users\peima\OneDrive - Stony Brook University\Documents\Github\Hackathon 
[info] i  Authorizing with GitHub to upload your service account to a GitHub repository's secrets store. 
[info] 
[info] Visit this URL on this device to log in:
[info] https://github.com/login/oauth/authorize?client_id=89cf50f02ac6aaed3484&state=204156723&redirect_uri=http%3A%2F%2Flocalhost%3A9005&scope=read%3Auser%20repo%20public_repo
[info] 
[info] Waiting for authentication...
[debug] [2025-02-22T19:07:26.008Z] >>> [apiv2][query] POST https://github.com/login/oauth/access_token [none]
[debug] [2025-02-22T19:07:26.009Z] >>> [apiv2][body] POST https://github.com/login/oauth/access_token [stream]
[debug] [2025-02-22T19:07:26.150Z] <<< [apiv2][status] POST https://github.com/login/oauth/access_token 200
[debug] [2025-02-22T19:07:26.151Z] <<< [apiv2][body] POST https://github.com/login/oauth/access_token {"access_token":"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","token_type":"bearer","scope":"read:user,repo"}
[debug] [2025-02-22T19:07:26.161Z] >>> [apiv2][query] GET https://api.github.com/user [none]
[debug] [2025-02-22T19:07:26.304Z] <<< [apiv2][status] GET https://api.github.com/user 200
[debug] [2025-02-22T19:07:26.304Z] <<< [apiv2][body] GET https://api.github.com/user {"login":"pmashi","id":117554179,"node_id":"U_kgDOBwG8Aw","avatar_url":"https://avatars.githubusercontent.com/u/117554179?v=4","gravatar_id":"","url":"https://api.github.com/users/pmashi","html_url":"https://github.com/pmashi","followers_url":"https://api.github.com/users/pmashi/followers","following_url":"https://api.github.com/users/pmashi/following{/other_user}","gists_url":"https://api.github.com/users/pmashi/gists{/gist_id}","starred_url":"https://api.github.com/users/pmashi/starred{/owner}{/repo}","subscriptions_url":"https://api.github.com/users/pmashi/subscriptions","organizations_url":"https://api.github.com/users/pmashi/orgs","repos_url":"https://api.github.com/users/pmashi/repos","events_url":"https://api.github.com/users/pmashi/events{/privacy}","received_events_url":"https://api.github.com/users/pmashi/received_events","type":"User","user_view_type":"private","site_admin":false,"name":null,"company":null,"blog":"","location":null,"email":null,"hireable":null,"bio":null,"twitter_username":null,"notification_email":null,"public_repos":10,"public_gists":0,"followers":1,"following":1,"created_at":"2022-11-06T02:53:22Z","updated_at":"2025-02-22T16:22:22Z","private_gists":0,"total_private_repos":9,"owned_private_repos":9,"disk_usage":55010,"collaborators":1,"two_factor_authentication":false,"plan":{"name":"free","space":976562499,"collaborators":0,"private_repos":10000}}
[info] 
[info] +  Success! Logged into GitHub as pmashi 
[info] 
